{"name": "test_login_to_applicant_page", "status": "failed", "statusDetails": {"message": "AssertionError: Locator expected to be visible\nActual value: None \nCall log:\n  - Expect \"to_be_visible\" with timeout 2000ms\n  - waiting for locator(\"//p[contains(text(),'View Applicants')]\")", "trace": "page = <Page url='https://aikam-app-qa-793571778940.asia-south1.run.app/jobs/view-job-page?jobId=de309e85-891d-48b7-8be4-b7712ea7cec1&jobCode=Tek0078'>\n\n    def test_login_to_applicant_page(page):\n        login = LoginPage(page)\n        login.open()\n        login.test_login_email_password(\"himakar.vempati@tekworks.in\", \"Admin!@3\")\n    \n        #dashboard=DashboardPage(page)\n        #dashboard.job_icon()\n    \n        jobs_page=JobsPage(page)\n        jobs_page.wait_until_jobs_page(\"Tek0078\",\"Python Developer\")\n    \n    \n        view_btn=ViewJob(page)\n>       view_btn.view_job()\n\ntests\\login\\test_login_to_applicant_page.py:22: \n_ _ _ _ _ _ _ _ _ _ _ _ _ _ _ _ _ _ _ _ _ _ _ _ _ _ _ _ _ _ _ _ _ _ _ _ _ _ _ _ _ _ _ _ _ _ _ _ _ _ _ _ _ _ _ _ _ _ _ _ _ _ _ _ _ _ _ _ _ _ _ _ _ _ _ _ _ _ _ _ _ _ _ _ _ _ _ _ _ _ _ _ _ _ _ _ _ _ _ _ _ _ _ _ _ _ _ _ _ \n\nself = <pages.login_to_applicant_page.view_applicant_page.ViewJob object at 0x0000027F5218BB60>, timeout = 3000\n\n    def view_job(self,timeout=3000):\n        with allure.step(\"Click View Applicants\"):\n            btn = self.page.locator(\"//p[contains(text(),'View Applicants')]\")\n>           expect(btn).to_be_visible(timeout=2000)\nE           AssertionError: Locator expected to be visible\nE           Actual value: None \nE           Call log:\nE             - Expect \"to_be_visible\" with timeout 2000ms\nE             - waiting for locator(\"//p[contains(text(),'View Applicants')]\")\n\npages\\login_to_applicant_page\\view_applicant_page.py:13: AssertionError"}, "steps": [{"name": "verify valid himakar.vempati@tekworks.in,Admin!@3", "status": "passed", "attachments": [{"name": "Test_Success_Message", "source": "a85014a9-a6c4-4b9f-b339-ca3a767ee786-attachment.txt", "type": "text/plain"}], "start": 1769748311584, "stop": 1769748316383}, {"name": "Verify job by job_id in Jobs page", "status": "passed", "attachments": [{"name": "Test_Success_Message", "source": "84781f10-9e40-4c94-ad6f-e8137cd3016d-attachment.txt", "type": "text/plain"}], "start": 1769748316383, "stop": 1769748322362}, {"name": "Click View Applicants", "status": "failed", "statusDetails": {"message": "AssertionError: Locator expected to be visible\nActual value: None \nCall log:\n  - Expect \"to_be_visible\" with timeout 2000ms\n  - waiting for locator(\"//p[contains(text(),'View Applicants')]\")\n\n", "trace": "  File \"C:\\Users\\Sudeer\\Downloads\\Python_playwright_Validations-main\\Python_playwright_Validations-main\\aikam-playwright-pom\\pages\\login_to_applicant_page\\view_applicant_page.py\", line 13, in view_job\n    expect(btn).to_be_visible(timeout=2000)\n  File \"C:\\Users\\Sudeer\\AppData\\Local\\Programs\\Python\\Python312\\Lib\\site-packages\\playwright\\sync_api\\_generated.py\", line 20529, in to_be_visible\n    self._sync(self._impl_obj.to_be_visible(visible=visible, timeout=timeout))\n  File \"C:\\Users\\Sudeer\\AppData\\Local\\Programs\\Python\\Python312\\Lib\\site-packages\\playwright\\_impl\\_sync_base.py\", line 115, in _sync\n    return task.result()\n           ^^^^^^^^^^^^^\n  File \"C:\\Users\\Sudeer\\AppData\\Local\\Programs\\Python\\Python312\\Lib\\site-packages\\playwright\\_impl\\_assertions.py\", line 765, in to_be_visible\n    await self._expect_impl(\n  File \"C:\\Users\\Sudeer\\AppData\\Local\\Programs\\Python\\Python312\\Lib\\site-packages\\playwright\\_impl\\_assertions.py\", line 85, in _expect_impl\n    raise AssertionError(\n"}, "start": 1769748322362, "stop": 1769748322369}], "start": 1769748309544, "stop": 1769748322369, "uuid": "12b9ea5f-59ad-4120-b4cc-3b1d841fd22b", "historyId": "3a703fc036c45ec0e6824daadaa7144b", "testCaseId": "3a703fc036c45ec0e6824daadaa7144b", "fullName": "tests.login.test_login_to_applicant_page#test_login_to_applicant_page", "labels": [{"name": "parentSuite", "value": "tests.login"}, {"name": "suite", "value": "test_login_to_applicant_page"}, {"name": "host", "value": "SYMP-WS1047"}, {"name": "thread", "value": "18816-MainThread"}, {"name": "framework", "value": "pytest"}, {"name": "language", "value": "cpython3"}, {"name": "package", "value": "tests.login.test_login_to_applicant_page"}], "titlePath": ["tests", "login", "test_login_to_applicant_page.py"]}